Grammar

    0 $accept: programa $end

    1 $@1: %empty

    2 $@2: %empty

    3 programa: cabecalho definicoes variaveis $@1 $@2 T_INICIO lista_comandos T_FIMPROGRAMA

    4 cabecalho: T_PROGRAMA T_IDENTIF

    5 tipo: T_LOGICO
    6     | T_INTEIRO
    7     | T_REGISTRO T_IDENTIF

    8 definicoes: define definicoes
    9           | %empty

   10 $@3: %empty

   11 define: T_DEF $@3 definicao_campos T_FIMDEF T_IDENTIF

   12 definicao_campos: tipo lista_campos definicao_campos
   13                 | tipo lista_campos

   14 lista_campos: lista_campos T_IDENTIF
   15             | T_IDENTIF

   16 variaveis: %empty
   17          | declaracao_variaveis

   18 declaracao_variaveis: tipo lista_variaveis declaracao_variaveis
   19                     | tipo lista_variaveis

   20 lista_variaveis: lista_variaveis T_IDENTIF
   21                | T_IDENTIF

   22 lista_comandos: %empty
   23               | comando lista_comandos

   24 comando: entrada_saida
   25        | atribuicao
   26        | selecao
   27        | repeticao

   28 entrada_saida: entrada
   29              | saida

   30 entrada: T_LEIA T_IDENTIF

   31 saida: T_ESCREVA expr

   32 $@4: %empty

   33 atribuicao: expressao_acesso $@4 T_ATRIBUICAO expr

   34 $@5: %empty

   35 $@6: %empty

   36 selecao: T_SE expr T_ENTAO $@5 lista_comandos T_SENAO $@6 lista_comandos T_FIMSE

   37 $@7: %empty

   38 $@8: %empty

   39 repeticao: T_ENQUANTO $@7 expr T_FACA $@8 lista_comandos T_FIMENQUANTO

   40 expr: expr T_MAIS expr
   41     | expr T_MENOS expr
   42     | expr T_VEZES expr
   43     | expr T_DIV expr
   44     | expr T_MAIOR expr
   45     | expr T_MENOR expr
   46     | expr T_IGUAL expr
   47     | expr T_E expr
   48     | expr T_OU expr
   49     | termo

   50 $@9: %empty

   51 expressao_acesso: T_IDPONTO $@9 expressao_acesso
   52                 | T_IDENTIF

   53 termo: T_IDENTIF
   54      | T_NUMERO
   55      | T_V
   56      | T_F
   57      | T_NAO termo
   58      | T_ABRE expr T_FECHA


Terminals, with rules where they appear

    $end (0) 0
    error (256)
    T_PROGRAMA (258) 4
    T_INICIO (259) 3
    T_FIMPROGRAMA (260) 3
    T_LEIA (261) 30
    T_ESCREVA (262) 31
    T_SE (263) 36
    T_ENTAO (264) 36
    T_SENAO (265) 36
    T_FIMSE (266) 36
    T_ENQUANTO (267) 39
    T_FACA (268) 39
    T_FIMENQUANTO (269) 39
    T_INTEIRO (270) 6
    T_LOGICO (271) 5
    T_MAIS (272) 40
    T_MENOS (273) 41
    T_VEZES (274) 42
    T_ATRIBUICAO (275) 33
    T_DIV (276) 43
    T_MAIOR (277) 44
    T_MENOR (278) 45
    T_IGUAL (279) 46
    T_E (280) 47
    T_OU (281) 48
    T_NAO (282) 57
    T_ABRE (283) 58
    T_FECHA (284) 58
    T_V (285) 55
    T_F (286) 56
    T_IDENTIF (287) 4 7 11 14 15 20 21 30 52 53
    T_NUMERO (288) 54
    T_DEF (289) 11
    T_FIMDEF (290) 11
    T_REGISTRO (291) 7
    T_IDPONTO (292) 51


Nonterminals, with rules where they appear

    $accept (38)
        on left: 0
    programa (39)
        on left: 3
        on right: 0
    $@1 (40)
        on left: 1
        on right: 3
    $@2 (41)
        on left: 2
        on right: 3
    cabecalho (42)
        on left: 4
        on right: 3
    tipo (43)
        on left: 5 6 7
        on right: 12 13 18 19
    definicoes (44)
        on left: 8 9
        on right: 3 8
    define (45)
        on left: 11
        on right: 8
    $@3 (46)
        on left: 10
        on right: 11
    definicao_campos (47)
        on left: 12 13
        on right: 11 12
    lista_campos (48)
        on left: 14 15
        on right: 12 13 14
    variaveis (49)
        on left: 16 17
        on right: 3
    declaracao_variaveis (50)
        on left: 18 19
        on right: 17 18
    lista_variaveis (51)
        on left: 20 21
        on right: 18 19 20
    lista_comandos (52)
        on left: 22 23
        on right: 3 23 36 39
    comando (53)
        on left: 24 25 26 27
        on right: 23
    entrada_saida (54)
        on left: 28 29
        on right: 24
    entrada (55)
        on left: 30
        on right: 28
    saida (56)
        on left: 31
        on right: 29
    atribuicao (57)
        on left: 33
        on right: 25
    $@4 (58)
        on left: 32
        on right: 33
    selecao (59)
        on left: 36
        on right: 26
    $@5 (60)
        on left: 34
        on right: 36
    $@6 (61)
        on left: 35
        on right: 36
    repeticao (62)
        on left: 39
        on right: 27
    $@7 (63)
        on left: 37
        on right: 39
    $@8 (64)
        on left: 38
        on right: 39
    expr (65)
        on left: 40 41 42 43 44 45 46 47 48 49
        on right: 31 33 36 39 40 41 42 43 44 45 46 47 48 58
    expressao_acesso (66)
        on left: 51 52
        on right: 33 51
    $@9 (67)
        on left: 50
        on right: 51
    termo (68)
        on left: 53 54 55 56 57 58
        on right: 49 57


State 0

    0 $accept: . programa $end

    T_PROGRAMA  shift, and go to state 1

    programa   go to state 2
    cabecalho  go to state 3


State 1

    4 cabecalho: T_PROGRAMA . T_IDENTIF

    T_IDENTIF  shift, and go to state 4


State 2

    0 $accept: programa . $end

    $end  shift, and go to state 5


State 3

    3 programa: cabecalho . definicoes variaveis $@1 $@2 T_INICIO lista_comandos T_FIMPROGRAMA

    T_DEF  shift, and go to state 6

    $default  reduce using rule 9 (definicoes)

    definicoes  go to state 7
    define      go to state 8


State 4

    4 cabecalho: T_PROGRAMA T_IDENTIF .

    $default  reduce using rule 4 (cabecalho)


State 5

    0 $accept: programa $end .

    $default  accept


State 6

   11 define: T_DEF . $@3 definicao_campos T_FIMDEF T_IDENTIF

    $default  reduce using rule 10 ($@3)

    $@3  go to state 9


State 7

    3 programa: cabecalho definicoes . variaveis $@1 $@2 T_INICIO lista_comandos T_FIMPROGRAMA

    T_INTEIRO   shift, and go to state 10
    T_LOGICO    shift, and go to state 11
    T_REGISTRO  shift, and go to state 12

    $default  reduce using rule 16 (variaveis)

    tipo                  go to state 13
    variaveis             go to state 14
    declaracao_variaveis  go to state 15


State 8

    8 definicoes: define . definicoes

    T_DEF  shift, and go to state 6

    $default  reduce using rule 9 (definicoes)

    definicoes  go to state 16
    define      go to state 8


State 9

   11 define: T_DEF $@3 . definicao_campos T_FIMDEF T_IDENTIF

    T_INTEIRO   shift, and go to state 10
    T_LOGICO    shift, and go to state 11
    T_REGISTRO  shift, and go to state 12

    tipo              go to state 17
    definicao_campos  go to state 18


State 10

    6 tipo: T_INTEIRO .

    $default  reduce using rule 6 (tipo)


State 11

    5 tipo: T_LOGICO .

    $default  reduce using rule 5 (tipo)


State 12

    7 tipo: T_REGISTRO . T_IDENTIF

    T_IDENTIF  shift, and go to state 19


State 13

   18 declaracao_variaveis: tipo . lista_variaveis declaracao_variaveis
   19                     | tipo . lista_variaveis

    T_IDENTIF  shift, and go to state 20

    lista_variaveis  go to state 21


State 14

    3 programa: cabecalho definicoes variaveis . $@1 $@2 T_INICIO lista_comandos T_FIMPROGRAMA

    $default  reduce using rule 1 ($@1)

    $@1  go to state 22


State 15

   17 variaveis: declaracao_variaveis .

    $default  reduce using rule 17 (variaveis)


State 16

    8 definicoes: define definicoes .

    $default  reduce using rule 8 (definicoes)


State 17

   12 definicao_campos: tipo . lista_campos definicao_campos
   13                 | tipo . lista_campos

    T_IDENTIF  shift, and go to state 23

    lista_campos  go to state 24


State 18

   11 define: T_DEF $@3 definicao_campos . T_FIMDEF T_IDENTIF

    T_FIMDEF  shift, and go to state 25


State 19

    7 tipo: T_REGISTRO T_IDENTIF .

    $default  reduce using rule 7 (tipo)


State 20

   21 lista_variaveis: T_IDENTIF .

    $default  reduce using rule 21 (lista_variaveis)


State 21

   18 declaracao_variaveis: tipo lista_variaveis . declaracao_variaveis
   19                     | tipo lista_variaveis .
   20 lista_variaveis: lista_variaveis . T_IDENTIF

    T_INTEIRO   shift, and go to state 10
    T_LOGICO    shift, and go to state 11
    T_IDENTIF   shift, and go to state 26
    T_REGISTRO  shift, and go to state 12

    $default  reduce using rule 19 (declaracao_variaveis)

    tipo                  go to state 13
    declaracao_variaveis  go to state 27


State 22

    3 programa: cabecalho definicoes variaveis $@1 . $@2 T_INICIO lista_comandos T_FIMPROGRAMA

    $default  reduce using rule 2 ($@2)

    $@2  go to state 28


State 23

   15 lista_campos: T_IDENTIF .

    $default  reduce using rule 15 (lista_campos)


State 24

   12 definicao_campos: tipo lista_campos . definicao_campos
   13                 | tipo lista_campos .
   14 lista_campos: lista_campos . T_IDENTIF

    T_INTEIRO   shift, and go to state 10
    T_LOGICO    shift, and go to state 11
    T_IDENTIF   shift, and go to state 29
    T_REGISTRO  shift, and go to state 12

    $default  reduce using rule 13 (definicao_campos)

    tipo              go to state 17
    definicao_campos  go to state 30


State 25

   11 define: T_DEF $@3 definicao_campos T_FIMDEF . T_IDENTIF

    T_IDENTIF  shift, and go to state 31


State 26

   20 lista_variaveis: lista_variaveis T_IDENTIF .

    $default  reduce using rule 20 (lista_variaveis)


State 27

   18 declaracao_variaveis: tipo lista_variaveis declaracao_variaveis .

    $default  reduce using rule 18 (declaracao_variaveis)


State 28

    3 programa: cabecalho definicoes variaveis $@1 $@2 . T_INICIO lista_comandos T_FIMPROGRAMA

    T_INICIO  shift, and go to state 32


State 29

   14 lista_campos: lista_campos T_IDENTIF .

    $default  reduce using rule 14 (lista_campos)


State 30

   12 definicao_campos: tipo lista_campos definicao_campos .

    $default  reduce using rule 12 (definicao_campos)


State 31

   11 define: T_DEF $@3 definicao_campos T_FIMDEF T_IDENTIF .

    $default  reduce using rule 11 (define)


State 32

    3 programa: cabecalho definicoes variaveis $@1 $@2 T_INICIO . lista_comandos T_FIMPROGRAMA

    T_LEIA      shift, and go to state 33
    T_ESCREVA   shift, and go to state 34
    T_SE        shift, and go to state 35
    T_ENQUANTO  shift, and go to state 36
    T_IDENTIF   shift, and go to state 37
    T_IDPONTO   shift, and go to state 38

    $default  reduce using rule 22 (lista_comandos)

    lista_comandos    go to state 39
    comando           go to state 40
    entrada_saida     go to state 41
    entrada           go to state 42
    saida             go to state 43
    atribuicao        go to state 44
    selecao           go to state 45
    repeticao         go to state 46
    expressao_acesso  go to state 47


State 33

   30 entrada: T_LEIA . T_IDENTIF

    T_IDENTIF  shift, and go to state 48


State 34

   31 saida: T_ESCREVA . expr

    T_NAO      shift, and go to state 49
    T_ABRE     shift, and go to state 50
    T_V        shift, and go to state 51
    T_F        shift, and go to state 52
    T_IDENTIF  shift, and go to state 53
    T_NUMERO   shift, and go to state 54

    expr   go to state 55
    termo  go to state 56


State 35

   36 selecao: T_SE . expr T_ENTAO $@5 lista_comandos T_SENAO $@6 lista_comandos T_FIMSE

    T_NAO      shift, and go to state 49
    T_ABRE     shift, and go to state 50
    T_V        shift, and go to state 51
    T_F        shift, and go to state 52
    T_IDENTIF  shift, and go to state 53
    T_NUMERO   shift, and go to state 54

    expr   go to state 57
    termo  go to state 56


State 36

   39 repeticao: T_ENQUANTO . $@7 expr T_FACA $@8 lista_comandos T_FIMENQUANTO

    $default  reduce using rule 37 ($@7)

    $@7  go to state 58


State 37

   52 expressao_acesso: T_IDENTIF .

    $default  reduce using rule 52 (expressao_acesso)


State 38

   51 expressao_acesso: T_IDPONTO . $@9 expressao_acesso

    $default  reduce using rule 50 ($@9)

    $@9  go to state 59


State 39

    3 programa: cabecalho definicoes variaveis $@1 $@2 T_INICIO lista_comandos . T_FIMPROGRAMA

    T_FIMPROGRAMA  shift, and go to state 60


State 40

   23 lista_comandos: comando . lista_comandos

    T_LEIA      shift, and go to state 33
    T_ESCREVA   shift, and go to state 34
    T_SE        shift, and go to state 35
    T_ENQUANTO  shift, and go to state 36
    T_IDENTIF   shift, and go to state 37
    T_IDPONTO   shift, and go to state 38

    $default  reduce using rule 22 (lista_comandos)

    lista_comandos    go to state 61
    comando           go to state 40
    entrada_saida     go to state 41
    entrada           go to state 42
    saida             go to state 43
    atribuicao        go to state 44
    selecao           go to state 45
    repeticao         go to state 46
    expressao_acesso  go to state 47


State 41

   24 comando: entrada_saida .

    $default  reduce using rule 24 (comando)


State 42

   28 entrada_saida: entrada .

    $default  reduce using rule 28 (entrada_saida)


State 43

   29 entrada_saida: saida .

    $default  reduce using rule 29 (entrada_saida)


State 44

   25 comando: atribuicao .

    $default  reduce using rule 25 (comando)


State 45

   26 comando: selecao .

    $default  reduce using rule 26 (comando)


State 46

   27 comando: repeticao .

    $default  reduce using rule 27 (comando)


State 47

   33 atribuicao: expressao_acesso . $@4 T_ATRIBUICAO expr

    $default  reduce using rule 32 ($@4)

    $@4  go to state 62


State 48

   30 entrada: T_LEIA T_IDENTIF .

    $default  reduce using rule 30 (entrada)


State 49

   57 termo: T_NAO . termo

    T_NAO      shift, and go to state 49
    T_ABRE     shift, and go to state 50
    T_V        shift, and go to state 51
    T_F        shift, and go to state 52
    T_IDENTIF  shift, and go to state 53
    T_NUMERO   shift, and go to state 54

    termo  go to state 63


State 50

   58 termo: T_ABRE . expr T_FECHA

    T_NAO      shift, and go to state 49
    T_ABRE     shift, and go to state 50
    T_V        shift, and go to state 51
    T_F        shift, and go to state 52
    T_IDENTIF  shift, and go to state 53
    T_NUMERO   shift, and go to state 54

    expr   go to state 64
    termo  go to state 56


State 51

   55 termo: T_V .

    $default  reduce using rule 55 (termo)


State 52

   56 termo: T_F .

    $default  reduce using rule 56 (termo)


State 53

   53 termo: T_IDENTIF .

    $default  reduce using rule 53 (termo)


State 54

   54 termo: T_NUMERO .

    $default  reduce using rule 54 (termo)


State 55

   31 saida: T_ESCREVA expr .
   40 expr: expr . T_MAIS expr
   41     | expr . T_MENOS expr
   42     | expr . T_VEZES expr
   43     | expr . T_DIV expr
   44     | expr . T_MAIOR expr
   45     | expr . T_MENOR expr
   46     | expr . T_IGUAL expr
   47     | expr . T_E expr
   48     | expr . T_OU expr

    T_MAIS   shift, and go to state 65
    T_MENOS  shift, and go to state 66
    T_VEZES  shift, and go to state 67
    T_DIV    shift, and go to state 68
    T_MAIOR  shift, and go to state 69
    T_MENOR  shift, and go to state 70
    T_IGUAL  shift, and go to state 71
    T_E      shift, and go to state 72
    T_OU     shift, and go to state 73

    $default  reduce using rule 31 (saida)


State 56

   49 expr: termo .

    $default  reduce using rule 49 (expr)


State 57

   36 selecao: T_SE expr . T_ENTAO $@5 lista_comandos T_SENAO $@6 lista_comandos T_FIMSE
   40 expr: expr . T_MAIS expr
   41     | expr . T_MENOS expr
   42     | expr . T_VEZES expr
   43     | expr . T_DIV expr
   44     | expr . T_MAIOR expr
   45     | expr . T_MENOR expr
   46     | expr . T_IGUAL expr
   47     | expr . T_E expr
   48     | expr . T_OU expr

    T_ENTAO  shift, and go to state 74
    T_MAIS   shift, and go to state 65
    T_MENOS  shift, and go to state 66
    T_VEZES  shift, and go to state 67
    T_DIV    shift, and go to state 68
    T_MAIOR  shift, and go to state 69
    T_MENOR  shift, and go to state 70
    T_IGUAL  shift, and go to state 71
    T_E      shift, and go to state 72
    T_OU     shift, and go to state 73


State 58

   39 repeticao: T_ENQUANTO $@7 . expr T_FACA $@8 lista_comandos T_FIMENQUANTO

    T_NAO      shift, and go to state 49
    T_ABRE     shift, and go to state 50
    T_V        shift, and go to state 51
    T_F        shift, and go to state 52
    T_IDENTIF  shift, and go to state 53
    T_NUMERO   shift, and go to state 54

    expr   go to state 75
    termo  go to state 56


State 59

   51 expressao_acesso: T_IDPONTO $@9 . expressao_acesso

    T_IDENTIF  shift, and go to state 37
    T_IDPONTO  shift, and go to state 38

    expressao_acesso  go to state 76


State 60

    3 programa: cabecalho definicoes variaveis $@1 $@2 T_INICIO lista_comandos T_FIMPROGRAMA .

    $default  reduce using rule 3 (programa)


State 61

   23 lista_comandos: comando lista_comandos .

    $default  reduce using rule 23 (lista_comandos)


State 62

   33 atribuicao: expressao_acesso $@4 . T_ATRIBUICAO expr

    T_ATRIBUICAO  shift, and go to state 77


State 63

   57 termo: T_NAO termo .

    $default  reduce using rule 57 (termo)


State 64

   40 expr: expr . T_MAIS expr
   41     | expr . T_MENOS expr
   42     | expr . T_VEZES expr
   43     | expr . T_DIV expr
   44     | expr . T_MAIOR expr
   45     | expr . T_MENOR expr
   46     | expr . T_IGUAL expr
   47     | expr . T_E expr
   48     | expr . T_OU expr
   58 termo: T_ABRE expr . T_FECHA

    T_MAIS   shift, and go to state 65
    T_MENOS  shift, and go to state 66
    T_VEZES  shift, and go to state 67
    T_DIV    shift, and go to state 68
    T_MAIOR  shift, and go to state 69
    T_MENOR  shift, and go to state 70
    T_IGUAL  shift, and go to state 71
    T_E      shift, and go to state 72
    T_OU     shift, and go to state 73
    T_FECHA  shift, and go to state 78


State 65

   40 expr: expr T_MAIS . expr

    T_NAO      shift, and go to state 49
    T_ABRE     shift, and go to state 50
    T_V        shift, and go to state 51
    T_F        shift, and go to state 52
    T_IDENTIF  shift, and go to state 53
    T_NUMERO   shift, and go to state 54

    expr   go to state 79
    termo  go to state 56


State 66

   41 expr: expr T_MENOS . expr

    T_NAO      shift, and go to state 49
    T_ABRE     shift, and go to state 50
    T_V        shift, and go to state 51
    T_F        shift, and go to state 52
    T_IDENTIF  shift, and go to state 53
    T_NUMERO   shift, and go to state 54

    expr   go to state 80
    termo  go to state 56


State 67

   42 expr: expr T_VEZES . expr

    T_NAO      shift, and go to state 49
    T_ABRE     shift, and go to state 50
    T_V        shift, and go to state 51
    T_F        shift, and go to state 52
    T_IDENTIF  shift, and go to state 53
    T_NUMERO   shift, and go to state 54

    expr   go to state 81
    termo  go to state 56


State 68

   43 expr: expr T_DIV . expr

    T_NAO      shift, and go to state 49
    T_ABRE     shift, and go to state 50
    T_V        shift, and go to state 51
    T_F        shift, and go to state 52
    T_IDENTIF  shift, and go to state 53
    T_NUMERO   shift, and go to state 54

    expr   go to state 82
    termo  go to state 56


State 69

   44 expr: expr T_MAIOR . expr

    T_NAO      shift, and go to state 49
    T_ABRE     shift, and go to state 50
    T_V        shift, and go to state 51
    T_F        shift, and go to state 52
    T_IDENTIF  shift, and go to state 53
    T_NUMERO   shift, and go to state 54

    expr   go to state 83
    termo  go to state 56


State 70

   45 expr: expr T_MENOR . expr

    T_NAO      shift, and go to state 49
    T_ABRE     shift, and go to state 50
    T_V        shift, and go to state 51
    T_F        shift, and go to state 52
    T_IDENTIF  shift, and go to state 53
    T_NUMERO   shift, and go to state 54

    expr   go to state 84
    termo  go to state 56


State 71

   46 expr: expr T_IGUAL . expr

    T_NAO      shift, and go to state 49
    T_ABRE     shift, and go to state 50
    T_V        shift, and go to state 51
    T_F        shift, and go to state 52
    T_IDENTIF  shift, and go to state 53
    T_NUMERO   shift, and go to state 54

    expr   go to state 85
    termo  go to state 56


State 72

   47 expr: expr T_E . expr

    T_NAO      shift, and go to state 49
    T_ABRE     shift, and go to state 50
    T_V        shift, and go to state 51
    T_F        shift, and go to state 52
    T_IDENTIF  shift, and go to state 53
    T_NUMERO   shift, and go to state 54

    expr   go to state 86
    termo  go to state 56


State 73

   48 expr: expr T_OU . expr

    T_NAO      shift, and go to state 49
    T_ABRE     shift, and go to state 50
    T_V        shift, and go to state 51
    T_F        shift, and go to state 52
    T_IDENTIF  shift, and go to state 53
    T_NUMERO   shift, and go to state 54

    expr   go to state 87
    termo  go to state 56


State 74

   36 selecao: T_SE expr T_ENTAO . $@5 lista_comandos T_SENAO $@6 lista_comandos T_FIMSE

    $default  reduce using rule 34 ($@5)

    $@5  go to state 88


State 75

   39 repeticao: T_ENQUANTO $@7 expr . T_FACA $@8 lista_comandos T_FIMENQUANTO
   40 expr: expr . T_MAIS expr
   41     | expr . T_MENOS expr
   42     | expr . T_VEZES expr
   43     | expr . T_DIV expr
   44     | expr . T_MAIOR expr
   45     | expr . T_MENOR expr
   46     | expr . T_IGUAL expr
   47     | expr . T_E expr
   48     | expr . T_OU expr

    T_FACA   shift, and go to state 89
    T_MAIS   shift, and go to state 65
    T_MENOS  shift, and go to state 66
    T_VEZES  shift, and go to state 67
    T_DIV    shift, and go to state 68
    T_MAIOR  shift, and go to state 69
    T_MENOR  shift, and go to state 70
    T_IGUAL  shift, and go to state 71
    T_E      shift, and go to state 72
    T_OU     shift, and go to state 73


State 76

   51 expressao_acesso: T_IDPONTO $@9 expressao_acesso .

    $default  reduce using rule 51 (expressao_acesso)


State 77

   33 atribuicao: expressao_acesso $@4 T_ATRIBUICAO . expr

    T_NAO      shift, and go to state 49
    T_ABRE     shift, and go to state 50
    T_V        shift, and go to state 51
    T_F        shift, and go to state 52
    T_IDENTIF  shift, and go to state 53
    T_NUMERO   shift, and go to state 54

    expr   go to state 90
    termo  go to state 56


State 78

   58 termo: T_ABRE expr T_FECHA .

    $default  reduce using rule 58 (termo)


State 79

   40 expr: expr . T_MAIS expr
   40     | expr T_MAIS expr .
   41     | expr . T_MENOS expr
   42     | expr . T_VEZES expr
   43     | expr . T_DIV expr
   44     | expr . T_MAIOR expr
   45     | expr . T_MENOR expr
   46     | expr . T_IGUAL expr
   47     | expr . T_E expr
   48     | expr . T_OU expr

    T_VEZES  shift, and go to state 67
    T_DIV    shift, and go to state 68

    $default  reduce using rule 40 (expr)


State 80

   40 expr: expr . T_MAIS expr
   41     | expr . T_MENOS expr
   41     | expr T_MENOS expr .
   42     | expr . T_VEZES expr
   43     | expr . T_DIV expr
   44     | expr . T_MAIOR expr
   45     | expr . T_MENOR expr
   46     | expr . T_IGUAL expr
   47     | expr . T_E expr
   48     | expr . T_OU expr

    T_VEZES  shift, and go to state 67
    T_DIV    shift, and go to state 68

    $default  reduce using rule 41 (expr)


State 81

   40 expr: expr . T_MAIS expr
   41     | expr . T_MENOS expr
   42     | expr . T_VEZES expr
   42     | expr T_VEZES expr .
   43     | expr . T_DIV expr
   44     | expr . T_MAIOR expr
   45     | expr . T_MENOR expr
   46     | expr . T_IGUAL expr
   47     | expr . T_E expr
   48     | expr . T_OU expr

    $default  reduce using rule 42 (expr)


State 82

   40 expr: expr . T_MAIS expr
   41     | expr . T_MENOS expr
   42     | expr . T_VEZES expr
   43     | expr . T_DIV expr
   43     | expr T_DIV expr .
   44     | expr . T_MAIOR expr
   45     | expr . T_MENOR expr
   46     | expr . T_IGUAL expr
   47     | expr . T_E expr
   48     | expr . T_OU expr

    $default  reduce using rule 43 (expr)


State 83

   40 expr: expr . T_MAIS expr
   41     | expr . T_MENOS expr
   42     | expr . T_VEZES expr
   43     | expr . T_DIV expr
   44     | expr . T_MAIOR expr
   44     | expr T_MAIOR expr .
   45     | expr . T_MENOR expr
   46     | expr . T_IGUAL expr
   47     | expr . T_E expr
   48     | expr . T_OU expr

    T_MAIS   shift, and go to state 65
    T_MENOS  shift, and go to state 66
    T_VEZES  shift, and go to state 67
    T_DIV    shift, and go to state 68

    $default  reduce using rule 44 (expr)


State 84

   40 expr: expr . T_MAIS expr
   41     | expr . T_MENOS expr
   42     | expr . T_VEZES expr
   43     | expr . T_DIV expr
   44     | expr . T_MAIOR expr
   45     | expr . T_MENOR expr
   45     | expr T_MENOR expr .
   46     | expr . T_IGUAL expr
   47     | expr . T_E expr
   48     | expr . T_OU expr

    T_MAIS   shift, and go to state 65
    T_MENOS  shift, and go to state 66
    T_VEZES  shift, and go to state 67
    T_DIV    shift, and go to state 68

    $default  reduce using rule 45 (expr)


State 85

   40 expr: expr . T_MAIS expr
   41     | expr . T_MENOS expr
   42     | expr . T_VEZES expr
   43     | expr . T_DIV expr
   44     | expr . T_MAIOR expr
   45     | expr . T_MENOR expr
   46     | expr . T_IGUAL expr
   46     | expr T_IGUAL expr .
   47     | expr . T_E expr
   48     | expr . T_OU expr

    T_MAIS   shift, and go to state 65
    T_MENOS  shift, and go to state 66
    T_VEZES  shift, and go to state 67
    T_DIV    shift, and go to state 68
    T_MAIOR  shift, and go to state 69
    T_MENOR  shift, and go to state 70

    $default  reduce using rule 46 (expr)


State 86

   40 expr: expr . T_MAIS expr
   41     | expr . T_MENOS expr
   42     | expr . T_VEZES expr
   43     | expr . T_DIV expr
   44     | expr . T_MAIOR expr
   45     | expr . T_MENOR expr
   46     | expr . T_IGUAL expr
   47     | expr . T_E expr
   47     | expr T_E expr .
   48     | expr . T_OU expr

    T_MAIS   shift, and go to state 65
    T_MENOS  shift, and go to state 66
    T_VEZES  shift, and go to state 67
    T_DIV    shift, and go to state 68
    T_MAIOR  shift, and go to state 69
    T_MENOR  shift, and go to state 70
    T_IGUAL  shift, and go to state 71

    $default  reduce using rule 47 (expr)


State 87

   40 expr: expr . T_MAIS expr
   41     | expr . T_MENOS expr
   42     | expr . T_VEZES expr
   43     | expr . T_DIV expr
   44     | expr . T_MAIOR expr
   45     | expr . T_MENOR expr
   46     | expr . T_IGUAL expr
   47     | expr . T_E expr
   48     | expr . T_OU expr
   48     | expr T_OU expr .

    T_MAIS   shift, and go to state 65
    T_MENOS  shift, and go to state 66
    T_VEZES  shift, and go to state 67
    T_DIV    shift, and go to state 68
    T_MAIOR  shift, and go to state 69
    T_MENOR  shift, and go to state 70
    T_IGUAL  shift, and go to state 71

    $default  reduce using rule 48 (expr)


State 88

   36 selecao: T_SE expr T_ENTAO $@5 . lista_comandos T_SENAO $@6 lista_comandos T_FIMSE

    T_LEIA      shift, and go to state 33
    T_ESCREVA   shift, and go to state 34
    T_SE        shift, and go to state 35
    T_ENQUANTO  shift, and go to state 36
    T_IDENTIF   shift, and go to state 37
    T_IDPONTO   shift, and go to state 38

    $default  reduce using rule 22 (lista_comandos)

    lista_comandos    go to state 91
    comando           go to state 40
    entrada_saida     go to state 41
    entrada           go to state 42
    saida             go to state 43
    atribuicao        go to state 44
    selecao           go to state 45
    repeticao         go to state 46
    expressao_acesso  go to state 47


State 89

   39 repeticao: T_ENQUANTO $@7 expr T_FACA . $@8 lista_comandos T_FIMENQUANTO

    $default  reduce using rule 38 ($@8)

    $@8  go to state 92


State 90

   33 atribuicao: expressao_acesso $@4 T_ATRIBUICAO expr .
   40 expr: expr . T_MAIS expr
   41     | expr . T_MENOS expr
   42     | expr . T_VEZES expr
   43     | expr . T_DIV expr
   44     | expr . T_MAIOR expr
   45     | expr . T_MENOR expr
   46     | expr . T_IGUAL expr
   47     | expr . T_E expr
   48     | expr . T_OU expr

    T_MAIS   shift, and go to state 65
    T_MENOS  shift, and go to state 66
    T_VEZES  shift, and go to state 67
    T_DIV    shift, and go to state 68
    T_MAIOR  shift, and go to state 69
    T_MENOR  shift, and go to state 70
    T_IGUAL  shift, and go to state 71
    T_E      shift, and go to state 72
    T_OU     shift, and go to state 73

    $default  reduce using rule 33 (atribuicao)


State 91

   36 selecao: T_SE expr T_ENTAO $@5 lista_comandos . T_SENAO $@6 lista_comandos T_FIMSE

    T_SENAO  shift, and go to state 93


State 92

   39 repeticao: T_ENQUANTO $@7 expr T_FACA $@8 . lista_comandos T_FIMENQUANTO

    T_LEIA      shift, and go to state 33
    T_ESCREVA   shift, and go to state 34
    T_SE        shift, and go to state 35
    T_ENQUANTO  shift, and go to state 36
    T_IDENTIF   shift, and go to state 37
    T_IDPONTO   shift, and go to state 38

    $default  reduce using rule 22 (lista_comandos)

    lista_comandos    go to state 94
    comando           go to state 40
    entrada_saida     go to state 41
    entrada           go to state 42
    saida             go to state 43
    atribuicao        go to state 44
    selecao           go to state 45
    repeticao         go to state 46
    expressao_acesso  go to state 47


State 93

   36 selecao: T_SE expr T_ENTAO $@5 lista_comandos T_SENAO . $@6 lista_comandos T_FIMSE

    $default  reduce using rule 35 ($@6)

    $@6  go to state 95


State 94

   39 repeticao: T_ENQUANTO $@7 expr T_FACA $@8 lista_comandos . T_FIMENQUANTO

    T_FIMENQUANTO  shift, and go to state 96


State 95

   36 selecao: T_SE expr T_ENTAO $@5 lista_comandos T_SENAO $@6 . lista_comandos T_FIMSE

    T_LEIA      shift, and go to state 33
    T_ESCREVA   shift, and go to state 34
    T_SE        shift, and go to state 35
    T_ENQUANTO  shift, and go to state 36
    T_IDENTIF   shift, and go to state 37
    T_IDPONTO   shift, and go to state 38

    $default  reduce using rule 22 (lista_comandos)

    lista_comandos    go to state 97
    comando           go to state 40
    entrada_saida     go to state 41
    entrada           go to state 42
    saida             go to state 43
    atribuicao        go to state 44
    selecao           go to state 45
    repeticao         go to state 46
    expressao_acesso  go to state 47


State 96

   39 repeticao: T_ENQUANTO $@7 expr T_FACA $@8 lista_comandos T_FIMENQUANTO .

    $default  reduce using rule 39 (repeticao)


State 97

   36 selecao: T_SE expr T_ENTAO $@5 lista_comandos T_SENAO $@6 lista_comandos . T_FIMSE

    T_FIMSE  shift, and go to state 98


State 98

   36 selecao: T_SE expr T_ENTAO $@5 lista_comandos T_SENAO $@6 lista_comandos T_FIMSE .

    $default  reduce using rule 36 (selecao)
